# JRE version: Java(TM) SE Runtime Environment (8.0_05-b13) (build 1.8.0_05-b13)
# Java VM: Java HotSpot(TM) 64-Bit Server VM (25.5-b02 mixed mode windows-amd64 compressed oops)
Heap:
 PSYoungGen      total 81920K, used 56689K [0x00000000eab00000, 0x00000000f2c00000, 0x0000000100000000)
  eden space 70144K, 64% used [0x00000000eab00000,0x00000000ed6de840,0x00000000eef80000)
  from space 11776K, 99% used [0x00000000eef80000,0x00000000efafdd08,0x00000000efb00000)
  to   space 16896K, 0% used [0x00000000f1b80000,0x00000000f1b80000,0x00000000f2c00000)
 ParOldGen       total 129536K, used 41206K [0x00000000c0000000, 0x00000000c7e80000, 0x00000000eab00000)
  object space 129536K, 31% used [0x00000000c0000000,0x00000000c283da10,0x00000000c7e80000)
 Metaspace       used 6146K, capacity 7064K, committed 7424K, reserved 1056768K
  class space    used 613K, capacity 656K, committed 768K, reserved 1048576K
GC Heap History (10 events):
Event: 2.852 GC heap before
{Heap before GC invocations=15 (full 0):
 PSYoungGen      total 35840K, used 34112K [0x00000000eab00000, 0x00000000ed380000, 0x0000000100000000)
  eden space 31744K, 100% used [0x00000000eab00000,0x00000000eca00000,0x00000000eca00000)
  from space 4096K, 57% used [0x00000000ece80000,0x00000000ed0d0000,0x00000000ed280000)
  to   space 4608K, 0% used [0x00000000eca00000,0x00000000eca00000,0x00000000ece80000)
 ParOldGen       total 129536K, used 11684K [0x00000000c0000000, 0x00000000c7e80000, 0x00000000eab00000)
  object space 129536K, 9% used [0x00000000c0000000,0x00000000c0b691f8,0x00000000c7e80000)
 Metaspace       used 5946K, capacity 6960K, committed 7040K, reserved 1056768K
  class space    used 593K, capacity 616K, committed 640K, reserved 1048576K
Event: 2.867 GC heap after
Heap after GC invocations=15 (full 0):
 PSYoungGen      total 36352K, used 4576K [0x00000000eab00000, 0x00000000eea00000, 0x0000000100000000)
  eden space 31744K, 0% used [0x00000000eab00000,0x00000000eab00000,0x00000000eca00000)
  from space 4608K, 99% used [0x00000000eca00000,0x00000000ece78010,0x00000000ece80000)
  to   space 6656K, 0% used [0x00000000ee380000,0x00000000ee380000,0x00000000eea00000)
 ParOldGen       total 129536K, used 14854K [0x00000000c0000000, 0x00000000c7e80000, 0x00000000eab00000)
  object space 129536K, 11% used [0x00000000c0000000,0x00000000c0e81a80,0x00000000c7e80000)
 Metaspace       used 5946K, capacity 6960K, committed 7040K, reserved 1056768K
  class space    used 593K, capacity 616K, committed 640K, reserved 1048576K
}
Event: 3.713 GC heap before
{Heap before GC invocations=16 (full 0):
 PSYoungGen      total 36352K, used 36320K [0x00000000eab00000, 0x00000000eea00000, 0x0000000100000000)
  eden space 31744K, 100% used [0x00000000eab00000,0x00000000eca00000,0x00000000eca00000)
  from space 4608K, 99% used [0x00000000eca00000,0x00000000ece78010,0x00000000ece80000)
  to   space 6656K, 0% used [0x00000000ee380000,0x00000000ee380000,0x00000000eea00000)
 ParOldGen       total 129536K, used 14854K [0x00000000c0000000, 0x00000000c7e80000, 0x00000000eab00000)
  object space 129536K, 11% used [0x00000000c0000000,0x00000000c0e81a80,0x00000000c7e80000)
 Metaspace       used 5966K, capacity 6960K, committed 7040K, reserved 1056768K
  class space    used 593K, capacity 616K, committed 640K, reserved 1048576K
Event: 3.727 GC heap after
Heap after GC invocations=16 (full 0):
 PSYoungGen      total 57344K, used 5248K [0x00000000eab00000, 0x00000000eeb00000, 0x0000000100000000)
  eden space 50688K, 0% used [0x00000000eab00000,0x00000000eab00000,0x00000000edc80000)
  from space 6656K, 78% used [0x00000000ee380000,0x00000000ee8a0000,0x00000000eea00000)
  to   space 7168K, 0% used [0x00000000edc80000,0x00000000edc80000,0x00000000ee380000)
 ParOldGen       total 129536K, used 19402K [0x00000000c0000000, 0x00000000c7e80000, 0x00000000eab00000)
  object space 129536K, 14% used [0x00000000c0000000,0x00000000c12f29c0,0x00000000c7e80000)
 Metaspace       used 5966K, capacity 6960K, committed 7040K, reserved 1056768K
  class space    used 593K, capacity 616K, committed 640K, reserved 1048576K
}
Event: 4.601 GC heap before
{Heap before GC invocations=17 (full 0):
 PSYoungGen      total 57344K, used 55936K [0x00000000eab00000, 0x00000000eeb00000, 0x0000000100000000)
  eden space 50688K, 100% used [0x00000000eab00000,0x00000000edc80000,0x00000000edc80000)
  from space 6656K, 78% used [0x00000000ee380000,0x00000000ee8a0000,0x00000000eea00000)
  to   space 7168K, 0% used [0x00000000edc80000,0x00000000edc80000,0x00000000ee380000)
 ParOldGen       total 129536K, used 19402K [0x00000000c0000000, 0x00000000c7e80000, 0x00000000eab00000)
  object space 129536K, 14% used [0x00000000c0000000,0x00000000c12f29c0,0x00000000c7e80000)
 Metaspace       used 6017K, capacity 7024K, committed 7296K, reserved 1056768K
  class space    used 594K, capacity 616K, committed 640K, reserved 1048576K
Event: 4.614 GC heap after
Heap after GC invocations=17 (full 0):
 PSYoungGen      total 57856K, used 7136K [0x00000000eab00000, 0x00000000f0580000, 0x0000000100000000)
  eden space 50688K, 0% used [0x00000000eab00000,0x00000000eab00000,0x00000000edc80000)
  from space 7168K, 99% used [0x00000000edc80000,0x00000000ee378210,0x00000000ee380000)
  to   space 10752K, 0% used [0x00000000efb00000,0x00000000efb00000,0x00000000f0580000)
 ParOldGen       total 129536K, used 25966K [0x00000000c0000000, 0x00000000c7e80000, 0x00000000eab00000)
  object space 129536K, 20% used [0x00000000c0000000,0x00000000c195bb08,0x00000000c7e80000)
 Metaspace       used 6017K, capacity 7024K, committed 7296K, reserved 1056768K
  class space    used 594K, capacity 616K, committed 640K, reserved 1048576K
}
Event: 4.889 GC heap before
{Heap before GC invocations=18 (full 0):
 PSYoungGen      total 57856K, used 57824K [0x00000000eab00000, 0x00000000f0580000, 0x0000000100000000)
  eden space 50688K, 100% used [0x00000000eab00000,0x00000000edc80000,0x00000000edc80000)
  from space 7168K, 99% used [0x00000000edc80000,0x00000000ee378210,0x00000000ee380000)
  to   space 10752K, 0% used [0x00000000efb00000,0x00000000efb00000,0x00000000f0580000)
 ParOldGen       total 129536K, used 25966K [0x00000000c0000000, 0x00000000c7e80000, 0x00000000eab00000)
  object space 129536K, 20% used [0x00000000c0000000,0x00000000c195bb08,0x00000000c7e80000)
 Metaspace       used 6039K, capacity 7024K, committed 7296K, reserved 1056768K
  class space    used 594K, capacity 616K, committed 640K, reserved 1048576K
Event: 4.922 GC heap after
Heap after GC invocations=18 (full 0):
 PSYoungGen      total 80896K, used 8384K [0x00000000eab00000, 0x00000000f0780000, 0x0000000100000000)
  eden space 70144K, 0% used [0x00000000eab00000,0x00000000eab00000,0x00000000eef80000)
  from space 10752K, 77% used [0x00000000efb00000,0x00000000f0330000,0x00000000f0580000)
  to   space 11776K, 0% used [0x00000000eef80000,0x00000000eef80000,0x00000000efb00000)
 ParOldGen       total 129536K, used 33076K [0x00000000c0000000, 0x00000000c7e80000, 0x00000000eab00000)
  object space 129536K, 25% used [0x00000000c0000000,0x00000000c204d0c0,0x00000000c7e80000)
 Metaspace       used 6039K, capacity 7024K, committed 7296K, reserved 1056768K
  class space    used 594K, capacity 616K, committed 640K, reserved 1048576K
}
Event: 5.640 GC heap before
{Heap before GC invocations=19 (full 0):
 PSYoungGen      total 80896K, used 78528K [0x00000000eab00000, 0x00000000f0780000, 0x0000000100000000)
  eden space 70144K, 100% used [0x00000000eab00000,0x00000000eef80000,0x00000000eef80000)
  from space 10752K, 77% used [0x00000000efb00000,0x00000000f0330000,0x00000000f0580000)
  to   space 11776K, 0% used [0x00000000eef80000,0x00000000eef80000,0x00000000efb00000)
 ParOldGen       total 129536K, used 33076K [0x00000000c0000000, 0x00000000c7e80000, 0x00000000eab00000)
  object space 129536K, 25% used [0x00000000c0000000,0x00000000c204d0c0,0x00000000c7e80000)
 Metaspace       used 6143K, capacity 7064K, committed 7424K, reserved 1056768K
  class space    used 613K, capacity 656K, committed 768K, reserved 1048576K
Event: 5.663 GC heap after
Heap after GC invocations=19 (full 0):
 PSYoungGen      total 81920K, used 11767K [0x00000000eab00000, 0x00000000f2c00000, 0x0000000100000000)
  eden space 70144K, 0% used [0x00000000eab00000,0x00000000eab00000,0x00000000eef80000)
  from space 11776K, 99% used [0x00000000eef80000,0x00000000efafdd08,0x00000000efb00000)
  to   space 16896K, 0% used [0x00000000f1b80000,0x00000000f1b80000,0x00000000f2c00000)
 ParOldGen       total 129536K, used 41206K [0x00000000c0000000, 0x00000000c7e80000, 0x00000000eab00000)
  object space 129536K, 31% used [0x00000000c0000000,0x00000000c283da10,0x00000000c7e80000)
 Metaspace       used 6143K, capacity 7064K, committed 7424K, reserved 1056768K
  class space    used 613K, capacity 656K, committed 768K, reserved 1048576K
}

